178446
175914
331158
252468
351240
297486
208968
290910
280632
60534
580626
137682
339780
319482
28662
540180
289782
507198
362796
82842
383712
302766
303234
376554
515730
569424
503526
221622
590244
121326
139872
56292
437490
471300
316218
544254
46944
349446
152208
6
600000
62886
31026
283728
248076
492444
289392
102564
495558
490098
429702
303894
493662
53484
126498
138426
231840
109878
485202
7572
47718
441942
390558
89358
164520
430698
555240
232428
392394
478980
446508
503628
589968
209364
229086
352812
465012
5466
417162
79956
169476
384084
476772
155304
114330
447954
561438
152310
293388
74760
100038
406086
163056
348246
285204
6864
376140
30492
33936
378132
