4
115
28
1498
3
1
1
1
1
1
3
2
1
2
15
1
1
1
2
2
1
3
2
1
1
1
3
1
3
1
3
2
1
2
1
21
2
1
4
3
1
4
1
1
2
8
1
1
18
5
4
6
13
1
1
1
1
2
1
2
8
2
7
1
13
1
1
1
1
1
1
1
3
1
1
1
1
9
3
1
1
4
24
6
6
1
2
4
4
1
1
2
21
3
24
2
5
2
1
2
1
1
5
2
1
41
1
2
1
2
1
3
4
1
1
4
4
1
2
2
1
3
5
2
3
1
1
1
1
1
1
2
1
1
5
6
1
1
1
2
7
1
1
1
17
2
4
1
1
1
3
1
1
4
1
1
1
4
3
1
1
2
5
9
2
3
1
5
3
1
2
1
3
3
5
3
1
1
1
9
1
25
1
1
5
2
1
1
2
3
50
2
5
7
6
1
6
2
3
1
1
3
2
2
1
27
2
1
8
3
1
1
1
1
1
1
2
1
1
1
1
5
8
1
5
1
1
1
1
2
1
2
2
2
7
112
1
1
2
2
2
2
1
1
1
1
1
9
17
1
8
2
16
2
2
12
6
6
1
34
3
9
1
1
1
7
2
5
1
1
2
4
1
1
2
10
4
1
1
10
1
1
3
2
1
3
1
3
5
2
5
3
1
4
13
9
1
1
5
3
3
2
1
1
2
1
7
111
3
1
3
3
3
1
1
1
2
2
3
16
7
4
1
1
14
2
1
1
1
73
1
3
1
6
1
1
3
9
1
1
2
18
2
7
1
1
1
1
3
2
4
1
1
