Sign #1: Lost!
Sign #2: Lost!
Sign #3: Lost!
Sign #4: Rejected!
Sign #5: 30.00 66.44 83.56 3.00 5.50 5.96
Sign #6: Rejected!
Sign #7: Lost!
Sign #8: Lost!
Sign #9: Rejected!
Sign #10: 34.00 67.00 79.00 4.00 6.58 7.02
Sign #11: 30.00 75.00 75.00 5.00 9.66 9.66
Sign #12: Rejected!
Sign #13: Rejected!
Sign #14: 45.00 52.70 82.30 8.00 9.00 11.21
Sign #15: Rejected!
Sign #16: Rejected!
Sign #17: 45.00 75.00 60.00 1000.00 1366.03 1224.74
Sign #18: Rejected!
Sign #19: Rejected!
Sign #20: Rejected!
Sign #21: Lost!
Sign #22: Lost!
Sign #23: Lost!
Sign #24: Lost!
Sign #25: Lost!
Sign #26: Lost!
Sign #27: Lost!
Sign #28: Lost!
Sign #29: Lost!
Sign #30: Lost!
Sign #31: 26.68 72.29 81.03 396.00 840.00 871.00
Sign #32: Lost!
Sign #33: 75.44 25.73 78.82 885.00 397.00 897.00
Sign #34: 78.07 14.42 87.51 994.00 253.00 1015.00
Sign #35: 67.29 32.13 80.58 706.00 407.00 755.00
Sign #36: Lost!
Sign #37: Lost!
Sign #38: Lost!
Sign #39: 17.54 78.02 84.44 300.00 974.00 991.00
Sign #40: Lost!
Sign #41: 82.82 14.36 82.82 276.00 69.00 276.00
Sign #42: 63.90 33.72 82.37 791.00 489.00 873.00
Sign #43: 35.97 63.54 80.49 555.00 846.00 932.00
Sign #44: Lost!
Sign #45: 40.75 62.93 76.32 434.00 592.00 646.00
Sign #46: 51.04 47.50 81.46 850.00 806.00 1081.00
Sign #47: 58.64 36.04 85.33 598.00 412.00 698.00
Sign #48: Lost!
Sign #49: 22.88 77.85 79.26 319.00 802.00 806.00
Sign #50: 72.25 31.47 76.28 748.00 410.00 763.00
Sign #51: 25.34 73.02 81.63 273.00 610.00 631.00
Sign #52: Lost!
Sign #53: Lost!
Sign #54: Lost!
Sign #55: 51.08 41.46 87.46 933.00 794.00 1198.00
Sign #56: Lost!
Sign #57: 23.19 68.39 88.42 321.00 758.00 815.00
Sign #58: 27.23 67.90 84.86 323.00 654.00 703.00
Sign #59: 43.63 64.75 71.62 759.00 995.00 1044.00
Sign #60: Lost!
Sign #61: 57.99 35.46 86.55 779.00 533.00 917.00
Sign #62: Lost!
Sign #63: 25.66 76.13 78.21 376.00 843.00 850.00
Sign #64: 58.33 44.84 76.83 694.00 575.00 794.00
Sign #65: 69.55 31.16 79.29 719.00 397.00 754.00
Sign #66: 74.66 22.37 82.97 755.00 298.00 777.00
Sign #67: 25.97 74.12 79.90 367.00 806.00 825.00
Sign #68: Lost!
Sign #69: Lost!
Sign #70: 37.63 64.05 78.32 404.00 595.00 648.00
Sign #71: 59.81 36.08 84.12 411.00 280.00 473.00
Sign #72: 39.23 57.48 83.28 654.00 872.00 1027.00
Sign #73: 45.25 60.06 74.68 486.00 593.00 660.00
Sign #74: 42.13 62.35 75.52 521.00 688.00 752.00
Sign #75: 21.67 69.51 88.82 82.00 208.00 222.00
Sign #76: Lost!
Sign #77: 67.03 25.30 87.66 810.00 376.00 879.00
Sign #78: 40.59 66.43 72.98 673.00 948.00 989.00
Sign #79: 15.79 76.94 87.27 264.00 945.00 969.00
Sign #80: 22.59 72.48 84.93 199.00 494.00 516.00
Sign #81: 8.41 85.80 85.80 139.00 948.00 948.00
Sign #82: 52.03 45.58 82.39 777.00 704.00 977.00
Sign #83: 60.00 60.00 60.00 3.00 3.00 3.00
