Message 1: Invalid message.

Message 2: This sentence is long.

Message 3: Is this a sentence?

Message 4: Invalid message.

Message 5: Sentences can have, commas, too.

Message 6: Sentences     Can     have    Long     Spaces!!!!!!!!!!!

Message 7: qwertyuiopasdfghjkl   is   Not    a    Word!!!!!!!!

Message 8: qwertyuiopasdfghjkl    Is    Too     a   Word!!!!!!

Message 9: Invalid message.

Message 10: Invalid message.

Message 11: Invalid message.

Message 12: this!sentence!it!is!not!valid!i!swear

Message 13: A An A Is Can Commas Have Long Sentence Sentences,,,This,,,    Too!!!!!!!!!!

Message 14: Invalid message.

Message 15: Sentence

Message 16: A

Message 17: Invalid message.

Message 18: Too too too too too too!!

Message 19: Invalid message.

Message 20: oww

Message 21: Invalid message.

Message 22: qwertyuiopasdfghjkl qwertyuiopasdfghjkl Qwertyuiopasdfghjkl????????

Message 23: A                                                 A   A

Message 24: an???????????????????????????????????

Message 25: Invalid message.

Message 26: this is a test!

Message 27: i swear it is only a test...

Message 28: Invalid message.

Message 29: i cannot Wait For the Data to this problem to be done...

Message 30: it is taking a lot more time than i anticipated!

Message 31: Somehow.... i have to generate         a Lot       of Data.

Message 32: how much is a lot???

Message 33: probably more than a single person Can deal with.

Message 34: Invalid message.

Message 35: do    you     think    so?

Message 36: Invalid message.

Message 37: Invalid message.

Message 38: how about the problems?

Message 39: the problems Are Fun this year.

Message 40: Invalid message.

Message 41: Invalid message.

Message 42: Invalid message.

Message 43: oh ya, and Box. box is awesome.

Message 44: Invalid message.

Message 45: Invalid message.

Message 46: probably about sixty more random messages...

Message 47: yuck!

Message 48: eww!

Message 49: Invalid message.

Message 50: a

Message 51: s

Message 52: e

Message 53: a

Message 54: f

Message 55: Invalid message.

Message 56: h

Message 57: k

Message 58: e

Message 59: Invalid message.

Message 60: You    can    see a     zebra    or    monkey   at    the    zoo.

Message 61: Invalid message.

Message 62: Invalid message.

Message 63: this!is,valid?

Message 64: yes!

Message 65: the     next   cases    Contain    long words.

Message 66: Invalid message.

Message 67: Invalid message.

Message 68: Invalid message.

Message 69: Invalid message.

Message 70: Invalid message.

Message 71: ok, i    Think    i    have enough Data?

Message 72: Invalid message.

Message 73: The                                                           end!

